2018-02-27 12:35:40.3899|INFO|Microsoft.AspNetCore.Hosting.Internal.WebHost|Request starting HTTP/1.1 GET http://localhost:61319/  
2018-02-27 12:35:42.8224|INFO|Microsoft.AspNetCore.Hosting.Internal.WebHost|Request finished in 2250.3049ms 404 text/plain
2018-02-27 12:35:42.9185|INFO|Microsoft.AspNetCore.Hosting.Internal.WebHost|Request starting HTTP/1.1 GET http://localhost:61319/favicon.ico  
2018-02-27 12:35:43.0175|INFO|Microsoft.AspNetCore.Hosting.Internal.WebHost|Request finished in 20.4034ms 404 text/plain
2018-02-27 12:37:51.9611|INFO|Microsoft.AspNetCore.Hosting.Internal.WebHost|Request starting HTTP/1.1 GET http://localhost:61319/staff  
2018-02-27 12:37:54.9857|INFO|Microsoft.EntityFrameworkCore.Infrastructure|Entity Framework Core 2.0.1-rtm-125 initialized 'StaffMemberContext' using provider 'Microsoft.EntityFrameworkCore.SqlServer' with options: None
2018-02-27 12:38:20.6523|INFO|Microsoft.EntityFrameworkCore.Database.Command|Executed DbCommand (501ms) [Parameters=[], CommandType='Text', CommandTimeout='30']
SELECT OBJECT_ID(N'__EFMigrationsHistory');
2018-02-27 12:38:20.7252|INFO|Microsoft.EntityFrameworkCore.Database.Command|Executed DbCommand (15ms) [Parameters=[], CommandType='Text', CommandTimeout='30']
SELECT OBJECT_ID(N'__EFMigrationsHistory');
2018-02-27 12:38:25.2523|INFO|Microsoft.EntityFrameworkCore.Database.Command|Executed DbCommand (397ms) [Parameters=[], CommandType='Text', CommandTimeout='30']
SELECT [MigrationId], [ProductVersion]
FROM [__EFMigrationsHistory]
ORDER BY [MigrationId];
2018-02-27 12:38:25.4831|INFO|Microsoft.EntityFrameworkCore.Migrations|No migrations were applied. The database is already up to date.
2018-02-27 12:38:26.2906|INFO|Microsoft.AspNetCore.Mvc.Internal.ControllerActionInvoker|Executing action method TipTapApi.Controllers.StaffController.GetAllStaff (TipTapApi) with arguments ((null)) - ModelState is Valid
2018-02-27 12:38:28.2756|INFO|Microsoft.EntityFrameworkCore.Database.Command|Executed DbCommand (544ms) [Parameters=[], CommandType='Text', CommandTimeout='30']
SELECT [c].[Id], [c].[FirstName], [c].[LastName]
FROM [StaffMembers] AS [c]
ORDER BY [c].[FirstName]
2018-02-27 12:38:28.7937|INFO|Microsoft.EntityFrameworkCore.Database.Command|Executed DbCommand (9ms) [Parameters=[], CommandType='Text', CommandTimeout='30']
SELECT [c].[Id], [c].[FirstName], [c].[LastName]
FROM [StaffMembers] AS [c]
ORDER BY [c].[FirstName]
2018-02-27 12:38:29.0394|INFO|Microsoft.AspNetCore.Mvc.Internal.ObjectResultExecutor|Executing ObjectResult, writing value Microsoft.AspNetCore.Mvc.ControllerContext.
2018-02-27 12:38:29.6420|INFO|Microsoft.AspNetCore.Mvc.Internal.ControllerActionInvoker|Executed action TipTapApi.Controllers.StaffController.GetAllStaff (TipTapApi) in 35577.2665ms
2018-02-27 12:38:29.8200|INFO|Microsoft.AspNetCore.Hosting.Internal.WebHost|Request finished in 37728.4578ms 200 application/json; charset=utf-8
2018-02-27 12:54:39.5916|INFO|Microsoft.AspNetCore.Hosting.Internal.WebHost|Request starting HTTP/1.1 GET http://localhost:61319/  
2018-02-27 12:54:40.7423|INFO|Microsoft.AspNetCore.Hosting.Internal.WebHost|Request finished in 1184.9309ms 404 text/plain
2018-02-27 12:54:41.0031|INFO|Microsoft.AspNetCore.Hosting.Internal.WebHost|Request starting HTTP/1.1 GET http://localhost:61319/favicon.ico  
2018-02-27 12:54:41.0346|INFO|Microsoft.AspNetCore.Hosting.Internal.WebHost|Request finished in 31.7497ms 404 text/plain
2018-02-27 12:55:55.6740|INFO|Microsoft.AspNetCore.Hosting.Internal.WebHost|Request starting HTTP/1.1 GET http://localhost:61319/staff  
2018-02-27 12:55:55.7487|INFO|Microsoft.AspNetCore.Cors.Infrastructure.CorsService|Policy execution failed.
2018-02-27 12:55:55.8058|INFO|Microsoft.AspNetCore.Cors.Infrastructure.CorsService|Request origin http://localhost:3000 does not have permission to access the resource.
2018-02-27 12:55:57.3744|INFO|Microsoft.EntityFrameworkCore.Infrastructure|Entity Framework Core 2.0.1-rtm-125 initialized 'StaffMemberContext' using provider 'Microsoft.EntityFrameworkCore.SqlServer' with options: None
2018-02-27 12:56:04.0982|INFO|Microsoft.EntityFrameworkCore.Database.Command|Executed DbCommand (50ms) [Parameters=[], CommandType='Text', CommandTimeout='30']
SELECT OBJECT_ID(N'__EFMigrationsHistory');
2018-02-27 12:56:04.1272|INFO|Microsoft.EntityFrameworkCore.Database.Command|Executed DbCommand (2ms) [Parameters=[], CommandType='Text', CommandTimeout='30']
SELECT OBJECT_ID(N'__EFMigrationsHistory');
2018-02-27 12:56:04.1846|INFO|Microsoft.EntityFrameworkCore.Database.Command|Executed DbCommand (23ms) [Parameters=[], CommandType='Text', CommandTimeout='30']
SELECT [MigrationId], [ProductVersion]
FROM [__EFMigrationsHistory]
ORDER BY [MigrationId];
2018-02-27 12:56:04.2131|INFO|Microsoft.EntityFrameworkCore.Migrations|No migrations were applied. The database is already up to date.
2018-02-27 12:56:06.0745|INFO|Microsoft.AspNetCore.Mvc.Internal.ControllerActionInvoker|Executing action method TipTapApi.Controllers.StaffController.GetAllStaff (TipTapApi) with arguments ((null)) - ModelState is Valid
2018-02-27 12:56:06.5253|INFO|Microsoft.EntityFrameworkCore.Database.Command|Executed DbCommand (21ms) [Parameters=[], CommandType='Text', CommandTimeout='30']
SELECT [c].[Id], [c].[FirstName], [c].[LastName]
FROM [StaffMembers] AS [c]
ORDER BY [c].[FirstName]
2018-02-27 12:56:06.7855|INFO|Microsoft.EntityFrameworkCore.Database.Command|Executed DbCommand (0ms) [Parameters=[], CommandType='Text', CommandTimeout='30']
SELECT [c].[Id], [c].[FirstName], [c].[LastName]
FROM [StaffMembers] AS [c]
ORDER BY [c].[FirstName]
2018-02-27 12:56:06.9378|INFO|Microsoft.AspNetCore.Mvc.Internal.ObjectResultExecutor|Executing ObjectResult, writing value Microsoft.AspNetCore.Mvc.ControllerContext.
2018-02-27 12:56:07.2080|INFO|Microsoft.AspNetCore.Mvc.Internal.ControllerActionInvoker|Executed action TipTapApi.Controllers.StaffController.GetAllStaff (TipTapApi) in 10775.8445ms
2018-02-27 12:56:07.2282|INFO|Microsoft.AspNetCore.Hosting.Internal.WebHost|Request finished in 11598.9007ms 200 application/json; charset=utf-8
2018-02-27 12:58:45.6512|INFO|Microsoft.AspNetCore.Hosting.Internal.WebHost|Request starting HTTP/1.1 GET http://localhost:61319/  
2018-02-27 12:58:47.2176|INFO|Microsoft.AspNetCore.Hosting.Internal.WebHost|Request finished in 1688.3867ms 404 text/plain
2018-02-27 12:58:47.3484|INFO|Microsoft.AspNetCore.Hosting.Internal.WebHost|Request starting HTTP/1.1 GET http://localhost:61319/favicon.ico  
2018-02-27 12:58:47.4035|INFO|Microsoft.AspNetCore.Hosting.Internal.WebHost|Request finished in 32.7042ms 404 text/plain
2018-02-27 13:00:19.3867|INFO|Microsoft.AspNetCore.Hosting.Internal.WebHost|Request starting HTTP/1.1 GET http://localhost:61319/staff  
2018-02-27 13:00:19.4363|INFO|Microsoft.AspNetCore.Cors.Infrastructure.CorsService|Policy execution successful.
2018-02-27 13:00:24.8366|INFO|Microsoft.EntityFrameworkCore.Infrastructure|Entity Framework Core 2.0.1-rtm-125 initialized 'StaffMemberContext' using provider 'Microsoft.EntityFrameworkCore.SqlServer' with options: None
2018-02-27 13:00:35.0144|INFO|Microsoft.EntityFrameworkCore.Database.Command|Executed DbCommand (43ms) [Parameters=[], CommandType='Text', CommandTimeout='30']
SELECT OBJECT_ID(N'__EFMigrationsHistory');
2018-02-27 13:00:35.0407|INFO|Microsoft.EntityFrameworkCore.Database.Command|Executed DbCommand (1ms) [Parameters=[], CommandType='Text', CommandTimeout='30']
SELECT OBJECT_ID(N'__EFMigrationsHistory');
2018-02-27 13:00:35.0911|INFO|Microsoft.EntityFrameworkCore.Database.Command|Executed DbCommand (6ms) [Parameters=[], CommandType='Text', CommandTimeout='30']
SELECT [MigrationId], [ProductVersion]
FROM [__EFMigrationsHistory]
ORDER BY [MigrationId];
2018-02-27 13:00:35.1695|INFO|Microsoft.EntityFrameworkCore.Migrations|No migrations were applied. The database is already up to date.
2018-02-27 13:00:35.5381|INFO|Microsoft.AspNetCore.Mvc.Internal.ControllerActionInvoker|Executing action method TipTapApi.Controllers.StaffController.GetAllStaff (TipTapApi) with arguments ((null)) - ModelState is Valid
2018-02-27 13:00:36.0634|INFO|Microsoft.EntityFrameworkCore.Database.Command|Executed DbCommand (14ms) [Parameters=[], CommandType='Text', CommandTimeout='30']
SELECT [c].[Id], [c].[FirstName], [c].[LastName]
FROM [StaffMembers] AS [c]
ORDER BY [c].[FirstName]
2018-02-27 13:00:36.3277|INFO|Microsoft.EntityFrameworkCore.Database.Command|Executed DbCommand (0ms) [Parameters=[], CommandType='Text', CommandTimeout='30']
SELECT [c].[Id], [c].[FirstName], [c].[LastName]
FROM [StaffMembers] AS [c]
ORDER BY [c].[FirstName]
2018-02-27 13:00:36.4993|INFO|Microsoft.AspNetCore.Mvc.Internal.ObjectResultExecutor|Executing ObjectResult, writing value Microsoft.AspNetCore.Mvc.ControllerContext.
2018-02-27 13:00:36.9365|INFO|Microsoft.AspNetCore.Mvc.Internal.ControllerActionInvoker|Executed action TipTapApi.Controllers.StaffController.GetAllStaff (TipTapApi) in 13543.5585ms
2018-02-27 13:00:37.0186|INFO|Microsoft.AspNetCore.Hosting.Internal.WebHost|Request finished in 17964.5397ms 200 application/json; charset=utf-8
2018-02-27 13:07:35.1067|INFO|Microsoft.AspNetCore.Hosting.Internal.WebHost|Request starting HTTP/1.1 GET http://localhost:61319/staff  
2018-02-27 13:07:35.1544|INFO|Microsoft.AspNetCore.Cors.Infrastructure.CorsService|Policy execution successful.
2018-02-27 13:07:35.3040|INFO|Microsoft.EntityFrameworkCore.Infrastructure|Entity Framework Core 2.0.1-rtm-125 initialized 'StaffMemberContext' using provider 'Microsoft.EntityFrameworkCore.SqlServer' with options: None
2018-02-27 13:07:35.7235|INFO|Microsoft.EntityFrameworkCore.Database.Command|Executed DbCommand (14ms) [Parameters=[], CommandType='Text', CommandTimeout='30']
SELECT OBJECT_ID(N'__EFMigrationsHistory');
2018-02-27 13:07:35.9093|INFO|Microsoft.EntityFrameworkCore.Database.Command|Executed DbCommand (26ms) [Parameters=[], CommandType='Text', CommandTimeout='30']
SELECT OBJECT_ID(N'__EFMigrationsHistory');
2018-02-27 13:07:35.9767|INFO|Microsoft.EntityFrameworkCore.Database.Command|Executed DbCommand (35ms) [Parameters=[], CommandType='Text', CommandTimeout='30']
SELECT [MigrationId], [ProductVersion]
FROM [__EFMigrationsHistory]
ORDER BY [MigrationId];
2018-02-27 13:07:36.0624|INFO|Microsoft.EntityFrameworkCore.Migrations|No migrations were applied. The database is already up to date.
2018-02-27 13:07:36.0844|INFO|Microsoft.AspNetCore.Mvc.Internal.ControllerActionInvoker|Executing action method TipTapApi.Controllers.StaffController.GetAllStaff (TipTapApi) with arguments ((null)) - ModelState is Valid
2018-02-27 13:07:36.1218|INFO|Microsoft.EntityFrameworkCore.Database.Command|Executed DbCommand (4ms) [Parameters=[], CommandType='Text', CommandTimeout='30']
SELECT [c].[Id], [c].[FirstName], [c].[LastName]
FROM [StaffMembers] AS [c]
ORDER BY [c].[FirstName]
2018-02-27 13:07:36.1615|INFO|Microsoft.EntityFrameworkCore.Database.Command|Executed DbCommand (0ms) [Parameters=[], CommandType='Text', CommandTimeout='30']
SELECT [c].[Id], [c].[FirstName], [c].[LastName]
FROM [StaffMembers] AS [c]
ORDER BY [c].[FirstName]
2018-02-27 13:07:36.1825|INFO|Microsoft.AspNetCore.Mvc.Internal.ObjectResultExecutor|Executing ObjectResult, writing value Microsoft.AspNetCore.Mvc.ControllerContext.
2018-02-27 13:07:36.2077|INFO|Microsoft.AspNetCore.Mvc.Internal.ControllerActionInvoker|Executed action TipTapApi.Controllers.StaffController.GetAllStaff (TipTapApi) in 999.0836ms
2018-02-27 13:07:36.2679|INFO|Microsoft.AspNetCore.Hosting.Internal.WebHost|Request finished in 1622.2987ms 200 application/json; charset=utf-8
2018-02-27 13:11:16.5790|INFO|Microsoft.AspNetCore.Hosting.Internal.WebHost|Request starting HTTP/1.1 GET http://localhost:61319/  
2018-02-27 13:11:17.4470|INFO|Microsoft.AspNetCore.Hosting.Internal.WebHost|Request finished in 884.1528ms 404 text/plain
2018-02-27 13:11:17.5163|INFO|Microsoft.AspNetCore.Hosting.Internal.WebHost|Request starting HTTP/1.1 GET http://localhost:61319/favicon.ico  
2018-02-27 13:11:17.5313|INFO|Microsoft.AspNetCore.Hosting.Internal.WebHost|Request finished in 14.0021ms 404 text/plain
2018-02-27 13:12:19.2858|INFO|Microsoft.AspNetCore.Hosting.Internal.WebHost|Request starting HTTP/1.1 GET http://localhost:61319/staff  
2018-02-27 13:12:19.9007|INFO|Microsoft.AspNetCore.Cors.Infrastructure.CorsService|Policy execution successful.
2018-02-27 13:12:23.4363|INFO|Microsoft.EntityFrameworkCore.Infrastructure|Entity Framework Core 2.0.1-rtm-125 initialized 'StaffMemberContext' using provider 'Microsoft.EntityFrameworkCore.SqlServer' with options: None
2018-02-27 13:12:37.7955|INFO|Microsoft.EntityFrameworkCore.Database.Command|Executed DbCommand (30ms) [Parameters=[], CommandType='Text', CommandTimeout='30']
SELECT OBJECT_ID(N'__EFMigrationsHistory');
2018-02-27 13:12:37.9499|INFO|Microsoft.EntityFrameworkCore.Database.Command|Executed DbCommand (11ms) [Parameters=[], CommandType='Text', CommandTimeout='30']
SELECT OBJECT_ID(N'__EFMigrationsHistory');
2018-02-27 13:12:38.4092|INFO|Microsoft.EntityFrameworkCore.Database.Command|Executed DbCommand (181ms) [Parameters=[], CommandType='Text', CommandTimeout='30']
SELECT [MigrationId], [ProductVersion]
FROM [__EFMigrationsHistory]
ORDER BY [MigrationId];
2018-02-27 13:12:38.5090|INFO|Microsoft.EntityFrameworkCore.Migrations|No migrations were applied. The database is already up to date.
2018-02-27 13:12:39.7944|INFO|Microsoft.AspNetCore.Mvc.Internal.ControllerActionInvoker|Executing action method TipTapApi.Controllers.StaffController.GetAllStaff (TipTapApi) with arguments ((null)) - ModelState is Valid
2018-02-27 13:12:42.7561|INFO|Microsoft.EntityFrameworkCore.Database.Command|Executed DbCommand (757ms) [Parameters=[], CommandType='Text', CommandTimeout='30']
SELECT [c].[Id], [c].[FirstName], [c].[LastName]
FROM [StaffMembers] AS [c]
ORDER BY [c].[FirstName]
2018-02-27 13:12:43.0118|INFO|Microsoft.EntityFrameworkCore.Database.Command|Executed DbCommand (2ms) [Parameters=[], CommandType='Text', CommandTimeout='30']
SELECT [c].[Id], [c].[FirstName], [c].[LastName]
FROM [StaffMembers] AS [c]
ORDER BY [c].[FirstName]
2018-02-27 13:12:43.6087|INFO|Microsoft.AspNetCore.Mvc.Internal.ObjectResultExecutor|Executing ObjectResult, writing value Microsoft.AspNetCore.Mvc.ControllerContext.
2018-02-27 13:12:44.2896|INFO|Microsoft.AspNetCore.Mvc.Internal.ControllerActionInvoker|Executed action TipTapApi.Controllers.StaffController.GetAllStaff (TipTapApi) in 22966.7086ms
2018-02-27 13:12:44.3173|INFO|Microsoft.AspNetCore.Hosting.Internal.WebHost|Request finished in 26232.033ms 200 application/json; charset=utf-8
2018-02-27 13:20:15.8183|INFO|Microsoft.AspNetCore.Hosting.Internal.WebHost|Request starting HTTP/1.1 GET http://localhost:61319/staff  
2018-02-27 13:20:17.2480|INFO|Microsoft.AspNetCore.Cors.Infrastructure.CorsService|Policy execution successful.
2018-02-27 13:20:21.6137|INFO|Microsoft.EntityFrameworkCore.Infrastructure|Entity Framework Core 2.0.1-rtm-125 initialized 'StaffMemberContext' using provider 'Microsoft.EntityFrameworkCore.SqlServer' with options: None
2018-02-27 13:20:32.9157|INFO|Microsoft.EntityFrameworkCore.Database.Command|Executed DbCommand (749ms) [Parameters=[], CommandType='Text', CommandTimeout='30']
SELECT OBJECT_ID(N'__EFMigrationsHistory');
2018-02-27 13:20:34.5713|INFO|Microsoft.EntityFrameworkCore.Database.Command|Executed DbCommand (30ms) [Parameters=[], CommandType='Text', CommandTimeout='30']
SELECT OBJECT_ID(N'__EFMigrationsHistory');
2018-02-27 13:20:35.1695|INFO|Microsoft.EntityFrameworkCore.Database.Command|Executed DbCommand (487ms) [Parameters=[], CommandType='Text', CommandTimeout='30']
SELECT [MigrationId], [ProductVersion]
FROM [__EFMigrationsHistory]
ORDER BY [MigrationId];
2018-02-27 13:20:35.3071|INFO|Microsoft.EntityFrameworkCore.Migrations|No migrations were applied. The database is already up to date.
2018-02-27 13:20:35.3398|INFO|Microsoft.AspNetCore.Mvc.Internal.ControllerActionInvoker|Executing action method TipTapApi.Controllers.StaffController.GetAllStaff (TipTapApi) with arguments ((null)) - ModelState is Valid
2018-02-27 13:20:35.6550|INFO|Microsoft.EntityFrameworkCore.Database.Command|Executed DbCommand (75ms) [Parameters=[], CommandType='Text', CommandTimeout='30']
SELECT [c].[Id], [c].[FirstName], [c].[LastName]
FROM [StaffMembers] AS [c]
ORDER BY [c].[FirstName]
2018-02-27 13:20:36.0622|INFO|Microsoft.EntityFrameworkCore.Database.Command|Executed DbCommand (54ms) [Parameters=[], CommandType='Text', CommandTimeout='30']
SELECT [c].[Id], [c].[FirstName], [c].[LastName]
FROM [StaffMembers] AS [c]
ORDER BY [c].[FirstName]
2018-02-27 13:20:36.4296|INFO|Microsoft.AspNetCore.Mvc.Internal.ObjectResultExecutor|Executing ObjectResult, writing value Microsoft.AspNetCore.Mvc.ControllerContext.
2018-02-27 13:20:36.7409|INFO|Microsoft.AspNetCore.Mvc.Internal.ControllerActionInvoker|Executed action TipTapApi.Controllers.StaffController.GetAllStaff (TipTapApi) in 17645.4331ms
2018-02-27 13:20:36.8948|INFO|Microsoft.AspNetCore.Hosting.Internal.WebHost|Request finished in 22190.6814ms 200 application/json; charset=utf-8
2018-02-27 13:29:00.4370|INFO|Microsoft.AspNetCore.Hosting.Internal.WebHost|Request starting HTTP/1.1 GET http://localhost:61319/staff  
2018-02-27 13:29:00.5496|INFO|Microsoft.AspNetCore.Cors.Infrastructure.CorsService|Policy execution successful.
2018-02-27 13:29:01.3031|INFO|Microsoft.EntityFrameworkCore.Infrastructure|Entity Framework Core 2.0.1-rtm-125 initialized 'StaffMemberContext' using provider 'Microsoft.EntityFrameworkCore.SqlServer' with options: None
2018-02-27 13:29:03.1200|INFO|Microsoft.EntityFrameworkCore.Database.Command|Executed DbCommand (41ms) [Parameters=[], CommandType='Text', CommandTimeout='30']
SELECT OBJECT_ID(N'__EFMigrationsHistory');
2018-02-27 13:29:03.1200|INFO|Microsoft.EntityFrameworkCore.Database.Command|Executed DbCommand (0ms) [Parameters=[], CommandType='Text', CommandTimeout='30']
SELECT OBJECT_ID(N'__EFMigrationsHistory');
2018-02-27 13:29:03.1492|INFO|Microsoft.EntityFrameworkCore.Database.Command|Executed DbCommand (18ms) [Parameters=[], CommandType='Text', CommandTimeout='30']
SELECT [MigrationId], [ProductVersion]
FROM [__EFMigrationsHistory]
ORDER BY [MigrationId];
2018-02-27 13:29:03.1595|INFO|Microsoft.EntityFrameworkCore.Migrations|No migrations were applied. The database is already up to date.
2018-02-27 13:29:03.3114|INFO|Microsoft.AspNetCore.Mvc.Internal.ControllerActionInvoker|Executing action method TipTapApi.Controllers.StaffController.GetAllStaff (TipTapApi) with arguments ((null)) - ModelState is Valid
2018-02-27 13:29:03.4726|INFO|Microsoft.EntityFrameworkCore.Database.Command|Executed DbCommand (3ms) [Parameters=[], CommandType='Text', CommandTimeout='30']
SELECT [c].[Id], [c].[FirstName], [c].[LastName]
FROM [StaffMembers] AS [c]
ORDER BY [c].[FirstName]
2018-02-27 13:29:03.6255|INFO|Microsoft.EntityFrameworkCore.Database.Command|Executed DbCommand (1ms) [Parameters=[], CommandType='Text', CommandTimeout='30']
SELECT [c].[Id], [c].[FirstName], [c].[LastName]
FROM [StaffMembers] AS [c]
ORDER BY [c].[FirstName]
2018-02-27 13:29:03.7171|INFO|Microsoft.AspNetCore.Mvc.Internal.ObjectResultExecutor|Executing ObjectResult, writing value Microsoft.AspNetCore.Mvc.ControllerContext.
2018-02-27 13:29:03.8624|INFO|Microsoft.AspNetCore.Mvc.Internal.ControllerActionInvoker|Executed action TipTapApi.Controllers.StaffController.GetAllStaff (TipTapApi) in 2852.3308ms
2018-02-27 13:29:03.8624|INFO|Microsoft.AspNetCore.Hosting.Internal.WebHost|Request finished in 3463.0143ms 200 application/json; charset=utf-8
2018-02-27 13:30:22.4613|INFO|Microsoft.AspNetCore.Hosting.Internal.WebHost|Request starting HTTP/1.1 GET http://localhost:61319/  
2018-02-27 13:30:23.6536|INFO|Microsoft.AspNetCore.Hosting.Internal.WebHost|Request finished in 1186.44ms 404 text/plain
2018-02-27 13:30:23.8362|INFO|Microsoft.AspNetCore.Hosting.Internal.WebHost|Request starting HTTP/1.1 GET http://localhost:61319/favicon.ico  
2018-02-27 13:30:23.8841|INFO|Microsoft.AspNetCore.Hosting.Internal.WebHost|Request finished in 22.2697ms 404 text/plain
2018-02-27 13:31:42.8065|INFO|Microsoft.AspNetCore.Hosting.Internal.WebHost|Request starting HTTP/1.1 GET http://localhost:61319/staff  
2018-02-27 13:31:43.0861|INFO|Microsoft.AspNetCore.Cors.Infrastructure.CorsService|Policy execution successful.
2018-02-27 13:31:45.7900|INFO|Microsoft.EntityFrameworkCore.Infrastructure|Entity Framework Core 2.0.1-rtm-125 initialized 'StaffMemberContext' using provider 'Microsoft.EntityFrameworkCore.SqlServer' with options: None
2018-02-27 13:31:54.9820|INFO|Microsoft.EntityFrameworkCore.Database.Command|Executed DbCommand (626ms) [Parameters=[], CommandType='Text', CommandTimeout='30']
SELECT OBJECT_ID(N'__EFMigrationsHistory');
2018-02-27 13:31:55.4814|INFO|Microsoft.EntityFrameworkCore.Database.Command|Executed DbCommand (7ms) [Parameters=[], CommandType='Text', CommandTimeout='30']
SELECT OBJECT_ID(N'__EFMigrationsHistory');
2018-02-27 13:31:57.0970|INFO|Microsoft.EntityFrameworkCore.Database.Command|Executed DbCommand (518ms) [Parameters=[], CommandType='Text', CommandTimeout='30']
SELECT [MigrationId], [ProductVersion]
FROM [__EFMigrationsHistory]
ORDER BY [MigrationId];
2018-02-27 13:31:57.1361|INFO|Microsoft.EntityFrameworkCore.Migrations|No migrations were applied. The database is already up to date.
2018-02-27 13:31:57.4932|INFO|Microsoft.AspNetCore.Mvc.Internal.ControllerActionInvoker|Executing action method TipTapApi.Controllers.StaffController.GetAllStaff (TipTapApi) with arguments ((null)) - ModelState is Valid
2018-02-27 13:31:58.2289|INFO|Microsoft.EntityFrameworkCore.Database.Command|Executed DbCommand (159ms) [Parameters=[], CommandType='Text', CommandTimeout='30']
SELECT [c].[Id], [c].[FirstName], [c].[LastName]
FROM [StaffMembers] AS [c]
ORDER BY [c].[FirstName]
2018-02-27 13:31:58.4941|INFO|Microsoft.EntityFrameworkCore.Database.Command|Executed DbCommand (3ms) [Parameters=[], CommandType='Text', CommandTimeout='30']
SELECT [c].[Id], [c].[FirstName], [c].[LastName]
FROM [StaffMembers] AS [c]
ORDER BY [c].[FirstName]
2018-02-27 13:31:58.9383|INFO|Microsoft.AspNetCore.Mvc.Internal.ObjectResultExecutor|Executing ObjectResult, writing value Microsoft.AspNetCore.Mvc.ControllerContext.
2018-02-27 13:32:00.5441|INFO|Microsoft.AspNetCore.Mvc.Internal.ControllerActionInvoker|Executed action TipTapApi.Controllers.StaffController.GetAllStaff (TipTapApi) in 15884.8963ms
2018-02-27 13:32:00.6892|INFO|Microsoft.AspNetCore.Hosting.Internal.WebHost|Request finished in 17812.5938ms 200 application/json; charset=utf-8
2018-02-27 13:32:35.7265|INFO|Microsoft.AspNetCore.Hosting.Internal.WebHost|Request starting HTTP/1.1 GET http://localhost:61319/staff  
2018-02-27 13:32:36.0110|INFO|Microsoft.AspNetCore.Cors.Infrastructure.CorsService|Policy execution successful.
2018-02-27 13:32:36.9646|INFO|Microsoft.EntityFrameworkCore.Infrastructure|Entity Framework Core 2.0.1-rtm-125 initialized 'StaffMemberContext' using provider 'Microsoft.EntityFrameworkCore.SqlServer' with options: None
2018-02-27 13:32:37.1259|INFO|Microsoft.EntityFrameworkCore.Database.Command|Executed DbCommand (76ms) [Parameters=[], CommandType='Text', CommandTimeout='30']
SELECT OBJECT_ID(N'__EFMigrationsHistory');
2018-02-27 13:32:37.1639|INFO|Microsoft.EntityFrameworkCore.Database.Command|Executed DbCommand (1ms) [Parameters=[], CommandType='Text', CommandTimeout='30']
SELECT OBJECT_ID(N'__EFMigrationsHistory');
2018-02-27 13:32:37.2421|INFO|Microsoft.EntityFrameworkCore.Database.Command|Executed DbCommand (1ms) [Parameters=[], CommandType='Text', CommandTimeout='30']
SELECT [MigrationId], [ProductVersion]
FROM [__EFMigrationsHistory]
ORDER BY [MigrationId];
2018-02-27 13:32:37.3861|INFO|Microsoft.EntityFrameworkCore.Migrations|No migrations were applied. The database is already up to date.
2018-02-27 13:32:38.1017|INFO|Microsoft.AspNetCore.Mvc.Internal.ControllerActionInvoker|Executing action method TipTapApi.Controllers.StaffController.GetAllStaff (TipTapApi) with arguments ((null)) - ModelState is Valid
2018-02-27 13:32:38.2295|INFO|Microsoft.EntityFrameworkCore.Database.Command|Executed DbCommand (73ms) [Parameters=[], CommandType='Text', CommandTimeout='30']
SELECT [c].[Id], [c].[FirstName], [c].[LastName]
FROM [StaffMembers] AS [c]
ORDER BY [c].[FirstName]
2018-02-27 13:32:38.2502|INFO|Microsoft.EntityFrameworkCore.Database.Command|Executed DbCommand (2ms) [Parameters=[], CommandType='Text', CommandTimeout='30']
SELECT [c].[Id], [c].[FirstName], [c].[LastName]
FROM [StaffMembers] AS [c]
ORDER BY [c].[FirstName]
2018-02-27 13:32:38.2665|INFO|Microsoft.AspNetCore.Mvc.Internal.ObjectResultExecutor|Executing ObjectResult, writing value Microsoft.AspNetCore.Mvc.ControllerContext.
2018-02-27 13:32:38.4127|INFO|Microsoft.AspNetCore.Mvc.Internal.ControllerActionInvoker|Executed action TipTapApi.Controllers.StaffController.GetAllStaff (TipTapApi) in 1924.8877ms
2018-02-27 13:32:38.4759|INFO|Microsoft.AspNetCore.Hosting.Internal.WebHost|Request finished in 2977.6452ms 200 application/json; charset=utf-8
2018-02-27 13:33:40.0148|INFO|Microsoft.AspNetCore.Hosting.Internal.WebHost|Request starting HTTP/1.1 GET http://localhost:61319/staff  
2018-02-27 13:33:41.3264|INFO|Microsoft.AspNetCore.Cors.Infrastructure.CorsService|Policy execution successful.
2018-02-27 13:33:43.1485|INFO|Microsoft.EntityFrameworkCore.Infrastructure|Entity Framework Core 2.0.1-rtm-125 initialized 'StaffMemberContext' using provider 'Microsoft.EntityFrameworkCore.SqlServer' with options: None
2018-02-27 13:33:43.2999|INFO|Microsoft.EntityFrameworkCore.Database.Command|Executed DbCommand (6ms) [Parameters=[], CommandType='Text', CommandTimeout='30']
SELECT OBJECT_ID(N'__EFMigrationsHistory');
2018-02-27 13:33:43.3307|INFO|Microsoft.EntityFrameworkCore.Database.Command|Executed DbCommand (8ms) [Parameters=[], CommandType='Text', CommandTimeout='30']
SELECT OBJECT_ID(N'__EFMigrationsHistory');
2018-02-27 13:33:43.5193|INFO|Microsoft.EntityFrameworkCore.Database.Command|Executed DbCommand (43ms) [Parameters=[], CommandType='Text', CommandTimeout='30']
SELECT [MigrationId], [ProductVersion]
FROM [__EFMigrationsHistory]
ORDER BY [MigrationId];
2018-02-27 13:33:43.5780|INFO|Microsoft.EntityFrameworkCore.Migrations|No migrations were applied. The database is already up to date.
2018-02-27 13:33:43.6723|INFO|Microsoft.AspNetCore.Mvc.Internal.ControllerActionInvoker|Executing action method TipTapApi.Controllers.StaffController.GetAllStaff (TipTapApi) with arguments ((null)) - ModelState is Valid
2018-02-27 13:33:43.7071|INFO|Microsoft.EntityFrameworkCore.Database.Command|Executed DbCommand (3ms) [Parameters=[], CommandType='Text', CommandTimeout='30']
SELECT [c].[Id], [c].[FirstName], [c].[LastName]
FROM [StaffMembers] AS [c]
ORDER BY [c].[FirstName]
2018-02-27 13:33:43.9162|INFO|Microsoft.EntityFrameworkCore.Database.Command|Executed DbCommand (18ms) [Parameters=[], CommandType='Text', CommandTimeout='30']
SELECT [c].[Id], [c].[FirstName], [c].[LastName]
FROM [StaffMembers] AS [c]
ORDER BY [c].[FirstName]
2018-02-27 13:33:44.2616|INFO|Microsoft.AspNetCore.Mvc.Internal.ObjectResultExecutor|Executing ObjectResult, writing value Microsoft.AspNetCore.Mvc.ControllerContext.
2018-02-27 13:33:44.3286|INFO|Microsoft.AspNetCore.Mvc.Internal.ControllerActionInvoker|Executed action TipTapApi.Controllers.StaffController.GetAllStaff (TipTapApi) in 2451.14ms
2018-02-27 13:33:44.5514|INFO|Microsoft.AspNetCore.Hosting.Internal.WebHost|Request finished in 5948.2442ms 200 application/json; charset=utf-8
