2018-03-03 00:08:29.6866|INFO|Microsoft.EntityFrameworkCore.Infrastructure|Entity Framework Core 2.0.1-rtm-125 initialized 'StaffMemberContext' using provider 'Microsoft.EntityFrameworkCore.SqlServer' with options: None
2018-03-03 00:08:31.8343|INFO|Microsoft.EntityFrameworkCore.Database.Command|Executed DbCommand (28ms) [Parameters=[], CommandType='Text', CommandTimeout='30']
SELECT OBJECT_ID(N'__EFMigrationsHistory');
2018-03-03 00:08:31.8446|INFO|Microsoft.EntityFrameworkCore.Database.Command|Executed DbCommand (1ms) [Parameters=[], CommandType='Text', CommandTimeout='30']
SELECT OBJECT_ID(N'__EFMigrationsHistory');
2018-03-03 00:08:31.8773|INFO|Microsoft.EntityFrameworkCore.Database.Command|Executed DbCommand (23ms) [Parameters=[], CommandType='Text', CommandTimeout='30']
SELECT [MigrationId], [ProductVersion]
FROM [__EFMigrationsHistory]
ORDER BY [MigrationId];
2018-03-03 00:08:31.8914|INFO|Microsoft.EntityFrameworkCore.Migrations|No migrations were applied. The database is already up to date.
2018-03-03 00:09:07.4894|INFO|Microsoft.AspNetCore.Hosting.Internal.WebHost|Request starting HTTP/1.1 GET http://localhost:61319/  
2018-03-03 00:09:10.1110|INFO|Microsoft.AspNetCore.Hosting.Internal.WebHost|Request finished in 2448.5236ms 404 text/plain
2018-03-03 00:09:10.4312|INFO|Microsoft.AspNetCore.Hosting.Internal.WebHost|Request starting HTTP/1.1 GET http://localhost:61319/favicon.ico  
2018-03-03 00:09:10.6757|INFO|Microsoft.AspNetCore.Hosting.Internal.WebHost|Request finished in 130.1666ms 404 text/plain
2018-03-03 00:11:21.4122|INFO|Microsoft.AspNetCore.Hosting.Internal.WebHost|Request starting HTTP/1.1 GET http://localhost:61319/  
2018-03-03 00:11:22.8830|INFO|Microsoft.AspNetCore.Hosting.Internal.WebHost|Request finished in 1531.4699ms 404 text/plain
2018-03-03 00:11:23.0546|INFO|Microsoft.AspNetCore.Hosting.Internal.WebHost|Request starting HTTP/1.1 GET http://localhost:61319/favicon.ico  
2018-03-03 00:11:23.0942|INFO|Microsoft.AspNetCore.Hosting.Internal.WebHost|Request finished in 53.7936ms 404 text/plain
2018-03-03 00:11:46.0849|INFO|Microsoft.AspNetCore.Hosting.Internal.WebHost|Request starting HTTP/1.1 GET http://localhost:61319/staff  
2018-03-03 00:11:47.4541|INFO|Microsoft.EntityFrameworkCore.Infrastructure|Entity Framework Core 2.0.1-rtm-125 initialized 'StaffMemberContext' using provider 'Microsoft.EntityFrameworkCore.SqlServer' with options: None
2018-03-03 00:11:48.4440|INFO|Microsoft.EntityFrameworkCore.Database.Command|Executed DbCommand (266ms) [Parameters=[], CommandType='Text', CommandTimeout='30']
SELECT OBJECT_ID(N'__EFMigrationsHistory');
2018-03-03 00:11:48.4624|INFO|Microsoft.EntityFrameworkCore.Database.Command|Executed DbCommand (2ms) [Parameters=[], CommandType='Text', CommandTimeout='30']
SELECT OBJECT_ID(N'__EFMigrationsHistory');
2018-03-03 00:11:48.6068|INFO|Microsoft.EntityFrameworkCore.Database.Command|Executed DbCommand (101ms) [Parameters=[], CommandType='Text', CommandTimeout='30']
SELECT [MigrationId], [ProductVersion]
FROM [__EFMigrationsHistory]
ORDER BY [MigrationId];
2018-03-03 00:11:48.6448|INFO|Microsoft.EntityFrameworkCore.Migrations|Applying migration '20180303060831_RenamedRolesToJobsForUbiquitous'.
2018-03-03 00:11:49.5678|INFO|Microsoft.EntityFrameworkCore.Database.Command|Executed DbCommand (847ms) [Parameters=[], CommandType='Text', CommandTimeout='30']
DROP TABLE [ApprovedRoles];
2018-03-03 00:11:50.1017|INFO|Microsoft.EntityFrameworkCore.Database.Command|Executed DbCommand (498ms) [Parameters=[], CommandType='Text', CommandTimeout='30']
DROP TABLE [Roles];
2018-03-03 00:11:50.5078|INFO|Microsoft.EntityFrameworkCore.Database.Command|Executed DbCommand (384ms) [Parameters=[], CommandType='Text', CommandTimeout='30']
CREATE TABLE [JobCodes] (
    [Id] int NOT NULL IDENTITY,
    [StaffMemberId] int NOT NULL,
    [TipOutPercent] decimal(18, 2) NOT NULL,
    [Title] nvarchar(max) NOT NULL,
    CONSTRAINT [PK_JobCodes] PRIMARY KEY ([Id]),
    CONSTRAINT [FK_JobCodes_StaffMembers_StaffMemberId] FOREIGN KEY ([StaffMemberId]) REFERENCES [StaffMembers] ([Id]) ON DELETE CASCADE
);
2018-03-03 00:11:50.5857|INFO|Microsoft.EntityFrameworkCore.Database.Command|Executed DbCommand (5ms) [Parameters=[], CommandType='Text', CommandTimeout='30']
CREATE INDEX [IX_JobCodes_StaffMemberId] ON [JobCodes] ([StaffMemberId]);
2018-03-03 00:11:50.9372|INFO|Microsoft.EntityFrameworkCore.Database.Command|Executed DbCommand (299ms) [Parameters=[], CommandType='Text', CommandTimeout='30']
INSERT INTO [__EFMigrationsHistory] ([MigrationId], [ProductVersion])
VALUES (N'20180303060831_RenamedRolesToJobsForUbiquitous', N'2.0.1-rtm-125');
2018-03-03 00:11:51.1997|INFO|Microsoft.AspNetCore.Mvc.Internal.ControllerActionInvoker|Executing action method TipTapApi.Controllers.StaffController.GetAllStaff (TipTapApi) with arguments ((null)) - ModelState is Valid
2018-03-03 00:11:51.5296|INFO|Microsoft.EntityFrameworkCore.Database.Command|Executed DbCommand (24ms) [Parameters=[], CommandType='Text', CommandTimeout='30']
SELECT [c].[Id], [c].[FirstName], [c].[LastName]
FROM [StaffMembers] AS [c]
ORDER BY [c].[FirstName]
2018-03-03 00:11:51.7351|INFO|Microsoft.EntityFrameworkCore.Database.Command|Executed DbCommand (2ms) [Parameters=[], CommandType='Text', CommandTimeout='30']
SELECT [c].[Id], [c].[FirstName], [c].[LastName]
FROM [StaffMembers] AS [c]
ORDER BY [c].[FirstName]
2018-03-03 00:11:51.8854|INFO|Microsoft.AspNetCore.Mvc.Internal.ObjectResultExecutor|Executing ObjectResult, writing value Microsoft.AspNetCore.Mvc.ControllerContext.
2018-03-03 00:11:52.2451|INFO|Microsoft.AspNetCore.Mvc.Internal.ControllerActionInvoker|Executed action TipTapApi.Controllers.StaffController.GetAllStaff (TipTapApi) in 5782.1661ms
2018-03-03 00:11:52.3345|INFO|Microsoft.AspNetCore.Hosting.Internal.WebHost|Request finished in 6179.5219ms 200 application/json; charset=utf-8
